<?xml version="1.0" encoding="UTF-8"?>
<!-- Generated by org.testng.reporters.JUnitXMLReporter -->
<testsuite ignored="3" hostname="User" failures="0" tests="5" name="E2E Test" time="187.338" errors="0" timestamp="2023-08-01T22:58:52 EDT">
  <testcase classname="testPkg.SearchFunctionalityTest" name="positiveSearchFunctionalityTestByClickingSearchBtn" time="22.583"/>
  <testcase classname="testPkg.SearchFunctionalityTest" name="positiveSearchFunctionalityTestByClickingSearchBtn" time="32.243"/>
  <testcase classname="testPkg.SearchFunctionalityTest" name="positiveSearchFunctionalityTestByClickingSearchBtn" time="21.09"/>
  <testcase classname="testPkg.SearchFunctionalityTest" name="positiveSearchFunctionalityTestByClickingSearchBtn" time="36.201"/>
  <testcase classname="testPkg.SearchFunctionalityTest" name="positiveSearchFunctionalityTestByClickingSearchBtn" time="14.138"/>
  <testcase classname="testPkg.HomePageMenuLinksTest" name="savedMenuLinkTest" time="0.0">
    <ignored/>
  </testcase> <!-- savedMenuLinkTest -->
  <testcase classname="testPkg.HomePageMenuLinksTest" name="restMenuLinkTest" time="0.0">
    <ignored/>
  </testcase> <!-- restMenuLinkTest -->
  <testcase classname="testPkg.SearchFunctionalityTest" name="negativeSearchFunctionalityTestByClickingSearchBtn" time="0.0">
    <ignored/>
  </testcase> <!-- negativeSearchFunctionalityTestByClickingSearchBtn -->
</testsuite> <!-- E2E Test -->
