<?xml version="1.0" encoding="UTF-8"?>
<!-- Generated by org.testng.reporters.JUnitXMLReporter -->
<testsuite ignored="3" hostname="User" failures="0" tests="3" name="Integration Test" time="90.156" errors="0" timestamp="2023-08-01T23:00:22 EDT">
  <testcase classname="testPkg.SearchFunctionalityTest" name="negativeSearchFunctionalityTestByClickingSearchBtn" time="24.28"/>
  <testcase classname="testPkg.SearchFunctionalityTest" name="negativeSearchFunctionalityTestByClickingSearchBtn" time="19.1"/>
  <testcase classname="testPkg.SearchFunctionalityTest" name="negativeSearchFunctionalityTestByClickingSearchBtn" time="15.861"/>
  <testcase classname="testPkg.HomePageMenuLinksTest" name="savedMenuLinkTest" time="0.0">
    <ignored/>
  </testcase> <!-- savedMenuLinkTest -->
  <testcase classname="testPkg.SearchFunctionalityTest" name="positiveSearchFunctionalityTestByClickingSearchBtn" time="0.0">
    <ignored/>
  </testcase> <!-- positiveSearchFunctionalityTestByClickingSearchBtn -->
  <testcase classname="testPkg.HomePageMenuLinksTest" name="restMenuLinkTest" time="0.0">
    <ignored/>
  </testcase> <!-- restMenuLinkTest -->
</testsuite> <!-- Integration Test -->
