<?xml version="1.0" encoding="UTF-8"?>
<!-- Generated by org.testng.reporters.JUnitXMLReporter -->
<testsuite ignored="2" hostname="User" failures="0" tests="1" name="Selected Testing" time="42.185" errors="0" timestamp="2023-08-01T23:19:01 EDT">
  <testcase classname="testPkg.HomePageMenuLinksTest" name="menuLinkTestFromXMLparameter" time="9.301"/>
  <testcase classname="testPkg.HomePageMenuLinksTest" name="savedMenuLinkTest" time="0.0">
    <ignored/>
  </testcase> <!-- savedMenuLinkTest -->
  <testcase classname="testPkg.HomePageMenuLinksTest" name="restMenuLinkTest" time="0.0">
    <ignored/>
  </testcase> <!-- restMenuLinkTest -->
</testsuite> <!-- Selected Testing -->
